{"level":"error","message":"jdsiofjwoijiowejfioew","timestamp":"2018-10-19T08:21:41.450Z"}
{"level":"info","message":"Connected to MongoDB...","timestamp":"2018-10-20T04:24:35.896Z"}
{"level":"info","message":"Connected to MongoDB...","timestamp":"2018-10-20T04:26:09.181Z"}
{"level":"info","message":"Connected to MongoDB...","timestamp":"2018-10-20T04:27:14.329Z"}
{"level":"info","message":"Connected to MongoDB...","timestamp":"2018-10-20T04:27:42.048Z"}
{"level":"info","message":"Connected to MongoDB...","timestamp":"2018-10-20T04:28:08.398Z"}
{"level":"info","message":"Connected to MongoDB...","timestamp":"2018-10-20T04:28:13.766Z"}
{"level":"info","message":"Connected to MongoDB...","timestamp":"2018-10-20T04:28:22.977Z"}
{"level":"info","message":"Connected to MongoDB...","timestamp":"2018-10-20T04:28:44.277Z"}
{"level":"info","message":"Connected to MongoDB...","timestamp":"2018-10-20T04:28:50.919Z"}
{"level":"info","message":"Connected to MongoDB...","timestamp":"2018-10-20T04:29:56.267Z"}
{"level":"info","message":"Connected to MongoDB...","timestamp":"2018-10-20T04:30:14.554Z"}
{"level":"info","message":"Connected to MongoDB...","timestamp":"2018-10-20T04:30:28.404Z"}
{"level":"info","message":"Connected to MongoDB...","timestamp":"2018-10-20T04:31:04.864Z"}
{"level":"info","message":"Connected to MongoDB...","timestamp":"2018-10-20T04:31:38.477Z"}
{"level":"info","message":"Connected to MongoDB...","timestamp":"2018-10-20T04:31:51.620Z"}
{"level":"info","message":"Connected to MongoDB...","timestamp":"2018-10-20T04:32:01.042Z"}
{"message":"Cannot find module 'joi-objectId'","stack":"Error: Cannot find module 'joi-objectId'\n    at Function.Module._resolveFilename (module.js:548:15)\n    at Function.Module._load (module.js:475:25)\n    at Module.require (module.js:597:17)\n    at require (internal/module.js:11:18)\n    at module.exports (/Users/izzy/Desktop/vidly/startup/validation.js:4:18)\n    at Object.<anonymous> (/Users/izzy/Desktop/vidly/index.js:8:32)\n    at Module._compile (module.js:653:30)\n    at Object.Module._extensions..js (module.js:664:10)\n    at Module.load (module.js:566:32)\n    at tryModuleLoad (module.js:506:12)\n    at Function.Module._load (module.js:498:3)\n    at Function.Module.runMain (module.js:694:10)\n    at startup (bootstrap_node.js:204:16)\n    at bootstrap_node.js:625:3","code":"MODULE_NOT_FOUND","level":"error","timestamp":"2018-10-20T04:32:17.875Z"}
{"message":"Cannot find module 'joi-objectid'","stack":"Error: Cannot find module 'joi-objectid'\n    at Function.Module._resolveFilename (module.js:548:15)\n    at Function.Module._load (module.js:475:25)\n    at Module.require (module.js:597:17)\n    at require (internal/module.js:11:18)\n    at module.exports (/Users/izzy/Desktop/vidly/startup/validation.js:4:18)\n    at Object.<anonymous> (/Users/izzy/Desktop/vidly/index.js:8:32)\n    at Module._compile (module.js:653:30)\n    at Object.Module._extensions..js (module.js:664:10)\n    at Module.load (module.js:566:32)\n    at tryModuleLoad (module.js:506:12)\n    at Function.Module._load (module.js:498:3)\n    at Function.Module.runMain (module.js:694:10)\n    at startup (bootstrap_node.js:204:16)\n    at bootstrap_node.js:625:3","code":"MODULE_NOT_FOUND","level":"error","timestamp":"2018-10-20T04:33:17.181Z"}
{"message":"Cannot find module 'joi-objectid'","stack":"Error: Cannot find module 'joi-objectid'\n    at Function.Module._resolveFilename (module.js:548:15)\n    at Function.Module._load (module.js:475:25)\n    at Module.require (module.js:597:17)\n    at require (internal/module.js:11:18)\n    at module.exports (/Users/izzy/Desktop/vidly/startup/validation.js:4:18)\n    at Object.<anonymous> (/Users/izzy/Desktop/vidly/index.js:9:32)\n    at Module._compile (module.js:653:30)\n    at Object.Module._extensions..js (module.js:664:10)\n    at Module.load (module.js:566:32)\n    at tryModuleLoad (module.js:506:12)\n    at Function.Module._load (module.js:498:3)\n    at Function.Module.runMain (module.js:694:10)\n    at startup (bootstrap_node.js:204:16)\n    at bootstrap_node.js:625:3","code":"MODULE_NOT_FOUND","level":"error","timestamp":"2018-10-20T04:34:05.953Z"}
{"message":"Cannot find module 'joi-objectid'","stack":"Error: Cannot find module 'joi-objectid'\n    at Function.Module._resolveFilename (module.js:548:15)\n    at Function.Module._load (module.js:475:25)\n    at Module.require (module.js:597:17)\n    at require (internal/module.js:11:18)\n    at module.exports (/Users/izzy/Desktop/vidly/startup/validation.js:4:18)\n    at Object.<anonymous> (/Users/izzy/Desktop/vidly/index.js:9:32)\n    at Module._compile (module.js:653:30)\n    at Object.Module._extensions..js (module.js:664:10)\n    at Module.load (module.js:566:32)\n    at tryModuleLoad (module.js:506:12)\n    at Function.Module._load (module.js:498:3)\n    at Function.Module.runMain (module.js:694:10)\n    at startup (bootstrap_node.js:204:16)\n    at bootstrap_node.js:625:3","code":"MODULE_NOT_FOUND","level":"error","timestamp":"2018-10-20T04:34:21.747Z"}
{"level":"info","message":"Listening on port 5001...","timestamp":"2018-10-20T04:34:57.638Z"}
{"level":"info","message":"Connected to MongoDB...","timestamp":"2018-10-20T04:34:57.681Z"}
{"level":"info","message":"Listening on port 5001...","timestamp":"2018-10-20T04:37:09.912Z"}
{"level":"info","message":"Connected to MongoDB...","timestamp":"2018-10-20T04:37:09.947Z"}
